Build started 12/06/2021 3:37:08 PM.
     1>Project "E:\Documents\Visual Studio 2013\network\client\client\client.vcxproj" on node 2 (Build target(s)).
     1>ClCompile:
         C:\Program Files\Microsoft Visual Studio 12.0\VC\bin\CL.exe /c /ZI /nologo /W3 /WX- /sdl /Od /Oy- /D WIN32 /D _DEBUG /D _CONSOLE /D _LIB /D _UNICODE /D UNICODE /Gm /EHsc /RTC1 /MDd /GS /fp:precise /Zc:wchar_t /Zc:forScope /Yu"stdafx.h" /Fp"Debug\client.pch" /Fo"Debug\\" /Fd"Debug\vc120.pdb" /Gd /TP /analyze- /errorReport:prompt auth.cpp game.cpp lobby.cpp player.cpp question.cpp response.cpp stream.cpp team.cpp util.cpp
         util.cpp
     1>e:\documents\visual studio 2013\network\client\client\util.cpp(65): error C2660: 'response_data' : function does not take 0 arguments
         player.cpp
     1>e:\documents\visual studio 2013\network\client\client\player.cpp(134): error C2059: syntax error : '}'
     1>e:\documents\visual studio 2013\network\client\client\player.cpp(134): error C2143: syntax error : missing ';' before '}'
         Generating Code...
         Compiling...
         auth.cpp
         Generating Code...
         Compiling...
         stream.cpp
         response.cpp
         question.cpp
         lobby.cpp
         game.cpp
         Generating Code...
         Compiling...
         team.cpp
         Generating Code...
     1>Done Building Project "E:\Documents\Visual Studio 2013\network\client\client\client.vcxproj" (Build target(s)) -- FAILED.

Build FAILED.

Time Elapsed 00:00:04.67
